WARNING: A terminally deprecated method in sun.misc.Unsafe has been called
WARNING: sun.misc.Unsafe::staticFieldBase has been called by com.google.inject.internal.aop.HiddenClassDefiner (file:/opt/homebrew/Cellar/maven/3.9.11/libexec/lib/guice-5.1.0-classes.jar)
WARNING: Please consider reporting this to the maintainers of class com.google.inject.internal.aop.HiddenClassDefiner
WARNING: sun.misc.Unsafe::staticFieldBase will be removed in a future release
[INFO] Scanning for projects...
[INFO] 
[INFO] --------------------< com.clockin:employee-clockin >--------------------
[INFO] Building employee-clockin 0.0.1-SNAPSHOT
[INFO]   from pom.xml
[INFO] --------------------------------[ jar ]---------------------------------
[INFO] 
[INFO] >>> spring-boot:3.2.0:run (default-cli) > test-compile @ employee-clockin >>>
[INFO] 
[INFO] --- resources:3.3.1:resources (default-resources) @ employee-clockin ---
[INFO] Copying 1 resource from src/main/resources to target/classes
[INFO] Copying 0 resource from src/main/resources to target/classes
[INFO] 
[INFO] --- compiler:3.11.0:compile (default-compile) @ employee-clockin ---
[INFO] Changes detected - recompiling the module! :source
[INFO] Compiling 8 source files with javac [debug release 17] to target/classes
[INFO] 
[INFO] --- resources:3.3.1:testResources (default-testResources) @ employee-clockin ---
[INFO] skip non existing resourceDirectory /Users/howardzhou/Desktop/clockin/backend/src/test/resources
[INFO] 
[INFO] --- compiler:3.11.0:testCompile (default-testCompile) @ employee-clockin ---
[INFO] No sources to compile
[INFO] 
[INFO] <<< spring-boot:3.2.0:run (default-cli) < test-compile @ employee-clockin <<<
[INFO] 
[INFO] 
[INFO] --- spring-boot:3.2.0:run (default-cli) @ employee-clockin ---
[INFO] Attaching agents: []

  .   ____          _            __ _ _
 /\\ / ___'_ __ _ _(_)_ __  __ _ \ \ \ \
( ( )\___ | '_ | '_| | '_ \/ _` | \ \ \ \
 \\/  ___)| |_)| | | | | || (_| |  ) ) ) )
  '  |____| .__|_| |_|_| |_\__, | / / / /
 =========|_|==============|___/=/_/_/_/
[32m :: Spring Boot :: [39m              [2m (v3.2.0)[0;39m

[2m2025-08-21T11:05:16.241-07:00[0;39m [32m INFO[0;39m [35m36934[0;39m [2m---[0;39m [2m[           main][0;39m [2m[0;39m[36mcom.clockin.EmployeeClockinApplication  [0;39m [2m:[0;39m Starting EmployeeClockinApplication using Java 24.0.2 with PID 36934 (/Users/howardzhou/Desktop/clockin/backend/target/classes started by howardzhou in /Users/howardzhou/Desktop/clockin/backend)
[2m2025-08-21T11:05:16.246-07:00[0;39m [32m INFO[0;39m [35m36934[0;39m [2m---[0;39m [2m[           main][0;39m [2m[0;39m[36mcom.clockin.EmployeeClockinApplication  [0;39m [2m:[0;39m No active profile set, falling back to 1 default profile: "default"
[2m2025-08-21T11:05:16.846-07:00[0;39m [32m INFO[0;39m [35m36934[0;39m [2m---[0;39m [2m[           main][0;39m [2m[0;39m[36m.s.d.r.c.RepositoryConfigurationDelegate[0;39m [2m:[0;39m Bootstrapping Spring Data JPA repositories in DEFAULT mode.
[2m2025-08-21T11:05:16.931-07:00[0;39m [32m INFO[0;39m [35m36934[0;39m [2m---[0;39m [2m[           main][0;39m [2m[0;39m[36m.s.d.r.c.RepositoryConfigurationDelegate[0;39m [2m:[0;39m Finished Spring Data repository scanning in 73 ms. Found 1 JPA repository interface.
WARNING: A restricted method in java.lang.System has been called
WARNING: java.lang.System::load has been called by org.apache.tomcat.jni.Library in an unnamed module (file:/Users/howardzhou/.m2/repository/org/apache/tomcat/embed/tomcat-embed-core/10.1.16/tomcat-embed-core-10.1.16.jar)
WARNING: Use --enable-native-access=ALL-UNNAMED to avoid a warning for callers in this module
WARNING: Restricted methods will be blocked in a future release unless native access is enabled

[2m2025-08-21T11:05:17.372-07:00[0;39m [32m INFO[0;39m [35m36934[0;39m [2m---[0;39m [2m[           main][0;39m [2m[0;39m[36mo.s.b.w.embedded.tomcat.TomcatWebServer [0;39m [2m:[0;39m Tomcat initialized with port 8080 (http)
[2m2025-08-21T11:05:17.379-07:00[0;39m [32m INFO[0;39m [35m36934[0;39m [2m---[0;39m [2m[           main][0;39m [2m[0;39m[36mo.apache.catalina.core.StandardService  [0;39m [2m:[0;39m Starting service [Tomcat]
[2m2025-08-21T11:05:17.380-07:00[0;39m [32m INFO[0;39m [35m36934[0;39m [2m---[0;39m [2m[           main][0;39m [2m[0;39m[36mo.apache.catalina.core.StandardEngine   [0;39m [2m:[0;39m Starting Servlet engine: [Apache Tomcat/10.1.16]
[2m2025-08-21T11:05:17.413-07:00[0;39m [32m INFO[0;39m [35m36934[0;39m [2m---[0;39m [2m[           main][0;39m [2m[0;39m[36mo.a.c.c.C.[Tomcat].[localhost].[/]      [0;39m [2m:[0;39m Initializing Spring embedded WebApplicationContext
[2m2025-08-21T11:05:17.413-07:00[0;39m [32m INFO[0;39m [35m36934[0;39m [2m---[0;39m [2m[           main][0;39m [2m[0;39m[36mw.s.c.ServletWebServerApplicationContext[0;39m [2m:[0;39m Root WebApplicationContext: initialization completed in 1139 ms
[2m2025-08-21T11:05:17.440-07:00[0;39m [32m INFO[0;39m [35m36934[0;39m [2m---[0;39m [2m[           main][0;39m [2m[0;39m[36mcom.zaxxer.hikari.HikariDataSource      [0;39m [2m:[0;39m HikariPool-1 - Starting...
[2m2025-08-21T11:05:17.570-07:00[0;39m [32m INFO[0;39m [35m36934[0;39m [2m---[0;39m [2m[           main][0;39m [2m[0;39m[36mcom.zaxxer.hikari.pool.HikariPool       [0;39m [2m:[0;39m HikariPool-1 - Added connection conn0: url=jdbc:h2:mem:clockindb user=SA
[2m2025-08-21T11:05:17.573-07:00[0;39m [32m INFO[0;39m [35m36934[0;39m [2m---[0;39m [2m[           main][0;39m [2m[0;39m[36mcom.zaxxer.hikari.HikariDataSource      [0;39m [2m:[0;39m HikariPool-1 - Start completed.
[2m2025-08-21T11:05:17.589-07:00[0;39m [32m INFO[0;39m [35m36934[0;39m [2m---[0;39m [2m[           main][0;39m [2m[0;39m[36mo.s.b.a.h2.H2ConsoleAutoConfiguration   [0;39m [2m:[0;39m H2 console available at '/h2-console'. Database available at 'jdbc:h2:mem:clockindb'
[2m2025-08-21T11:05:17.673-07:00[0;39m [32m INFO[0;39m [35m36934[0;39m [2m---[0;39m [2m[           main][0;39m [2m[0;39m[36mo.hibernate.jpa.internal.util.LogHelper [0;39m [2m:[0;39m HHH000204: Processing PersistenceUnitInfo [name: default]
[2m2025-08-21T11:05:17.717-07:00[0;39m [32m INFO[0;39m [35m36934[0;39m [2m---[0;39m [2m[           main][0;39m [2m[0;39m[36morg.hibernate.Version                   [0;39m [2m:[0;39m HHH000412: Hibernate ORM core version 6.3.1.Final
[2m2025-08-21T11:05:17.735-07:00[0;39m [32m INFO[0;39m [35m36934[0;39m [2m---[0;39m [2m[           main][0;39m [2m[0;39m[36mo.h.c.internal.RegionFactoryInitiator   [0;39m [2m:[0;39m HHH000026: Second-level cache disabled
[2m2025-08-21T11:05:17.949-07:00[0;39m [32m INFO[0;39m [35m36934[0;39m [2m---[0;39m [2m[           main][0;39m [2m[0;39m[36mo.s.o.j.p.SpringPersistenceUnitInfo     [0;39m [2m:[0;39m No LoadTimeWeaver setup: ignoring JPA class transformer
[2m2025-08-21T11:05:17.973-07:00[0;39m [33m WARN[0;39m [35m36934[0;39m [2m---[0;39m [2m[           main][0;39m [2m[0;39m[36morg.hibernate.orm.deprecation           [0;39m [2m:[0;39m HHH90000025: H2Dialect does not need to be specified explicitly using 'hibernate.dialect' (remove the property setting and it will be selected by default)
[2m2025-08-21T11:05:18.452-07:00[0;39m [32m INFO[0;39m [35m36934[0;39m [2m---[0;39m [2m[           main][0;39m [2m[0;39m[36mo.h.e.t.j.p.i.JtaPlatformInitiator      [0;39m [2m:[0;39m HHH000489: No JTA platform available (set 'hibernate.transaction.jta.platform' to enable JTA platform integration)
Hibernate: 
    drop table if exists time_entries cascade 
Hibernate: 
    create table time_entries (
        is_active boolean,
        total_hours float(53),
        clock_in_time timestamp(6),
        clock_out_time timestamp(6),
        id bigint generated by default as identity,
        first_name varchar(255) not null,
        last_name varchar(255) not null,
        primary key (id)
    )
[2m2025-08-21T11:05:18.473-07:00[0;39m [32m INFO[0;39m [35m36934[0;39m [2m---[0;39m [2m[           main][0;39m [2m[0;39m[36mj.LocalContainerEntityManagerFactoryBean[0;39m [2m:[0;39m Initialized JPA EntityManagerFactory for persistence unit 'default'
[2m2025-08-21T11:05:18.662-07:00[0;39m [32m INFO[0;39m [35m36934[0;39m [2m---[0;39m [2m[           main][0;39m [2m[0;39m[36mo.s.d.j.r.query.QueryEnhancerFactory    [0;39m [2m:[0;39m Hibernate is in classpath; If applicable, HQL parser will be used.
[2m2025-08-21T11:05:19.030-07:00[0;39m [33m WARN[0;39m [35m36934[0;39m [2m---[0;39m [2m[           main][0;39m [2m[0;39m[36mJpaBaseConfiguration$JpaWebConfiguration[0;39m [2m:[0;39m spring.jpa.open-in-view is enabled by default. Therefore, database queries may be performed during view rendering. Explicitly configure spring.jpa.open-in-view to disable this warning
[2m2025-08-21T11:05:19.253-07:00[0;39m [32m INFO[0;39m [35m36934[0;39m [2m---[0;39m [2m[           main][0;39m [2m[0;39m[36mo.s.b.w.embedded.tomcat.TomcatWebServer [0;39m [2m:[0;39m Tomcat started on port 8080 (http) with context path ''
[2m2025-08-21T11:05:19.258-07:00[0;39m [32m INFO[0;39m [35m36934[0;39m [2m---[0;39m [2m[           main][0;39m [2m[0;39m[36mcom.clockin.EmployeeClockinApplication  [0;39m [2m:[0;39m Started EmployeeClockinApplication in 3.256 seconds (process running for 3.45)
[2m2025-08-21T11:05:35.780-07:00[0;39m [32m INFO[0;39m [35m36934[0;39m [2m---[0;39m [2m[nio-8080-exec-1][0;39m [2m[0;39m[36mo.a.c.c.C.[Tomcat].[localhost].[/]      [0;39m [2m:[0;39m Initializing Spring DispatcherServlet 'dispatcherServlet'
[2m2025-08-21T11:05:35.781-07:00[0;39m [32m INFO[0;39m [35m36934[0;39m [2m---[0;39m [2m[nio-8080-exec-1][0;39m [2m[0;39m[36mo.s.web.servlet.DispatcherServlet       [0;39m [2m:[0;39m Initializing Servlet 'dispatcherServlet'
[2m2025-08-21T11:05:35.783-07:00[0;39m [32m INFO[0;39m [35m36934[0;39m [2m---[0;39m [2m[nio-8080-exec-1][0;39m [2m[0;39m[36mo.s.web.servlet.DispatcherServlet       [0;39m [2m:[0;39m Completed initialization in 2 ms
Hibernate: 
    select
        te1_0.id,
        te1_0.clock_in_time,
        te1_0.clock_out_time,
        te1_0.first_name,
        te1_0.is_active,
        te1_0.last_name,
        te1_0.total_hours 
    from
        time_entries te1_0 
    where
        te1_0.first_name=? 
        and te1_0.last_name=? 
    order by
        te1_0.clock_in_time desc
Hibernate: 
    select
        te1_0.id,
        te1_0.clock_in_time,
        te1_0.clock_out_time,
        te1_0.first_name,
        te1_0.is_active,
        te1_0.last_name,
        te1_0.total_hours 
    from
        time_entries te1_0 
    where
        te1_0.first_name=? 
        and te1_0.last_name=? 
        and te1_0.is_active
Hibernate: 
    select
        te1_0.id,
        te1_0.clock_in_time,
        te1_0.clock_out_time,
        te1_0.first_name,
        te1_0.is_active,
        te1_0.last_name,
        te1_0.total_hours 
    from
        time_entries te1_0 
    where
        te1_0.first_name=? 
        and te1_0.last_name=? 
        and te1_0.is_active
Hibernate: 
    insert 
    into
        time_entries
        (clock_in_time, clock_out_time, first_name, is_active, last_name, total_hours, id) 
    values
        (?, ?, ?, ?, ?, ?, default)
Hibernate: 
    select
        te1_0.id,
        te1_0.clock_in_time,
        te1_0.clock_out_time,
        te1_0.first_name,
        te1_0.is_active,
        te1_0.last_name,
        te1_0.total_hours 
    from
        time_entries te1_0 
    where
        te1_0.first_name=? 
        and te1_0.last_name=? 
    order by
        te1_0.clock_in_time desc
Hibernate: 
    select
        te1_0.id,
        te1_0.clock_in_time,
        te1_0.clock_out_time,
        te1_0.first_name,
        te1_0.is_active,
        te1_0.last_name,
        te1_0.total_hours 
    from
        time_entries te1_0 
    where
        te1_0.first_name=? 
        and te1_0.last_name=? 
        and te1_0.is_active
Hibernate: 
    update
        time_entries 
    set
        clock_in_time=?,
        clock_out_time=?,
        first_name=?,
        is_active=?,
        last_name=?,
        total_hours=? 
    where
        id=?
Hibernate: 
    select
        te1_0.id,
        te1_0.clock_in_time,
        te1_0.clock_out_time,
        te1_0.first_name,
        te1_0.is_active,
        te1_0.last_name,
        te1_0.total_hours 
    from
        time_entries te1_0 
    where
        te1_0.first_name=? 
        and te1_0.last_name=? 
    order by
        te1_0.clock_in_time desc
Hibernate: 
    select
        te1_0.id,
        te1_0.clock_in_time,
        te1_0.clock_out_time,
        te1_0.first_name,
        te1_0.is_active,
        te1_0.last_name,
        te1_0.total_hours 
    from
        time_entries te1_0
Hibernate: 
    select
        te1_0.id,
        te1_0.clock_in_time,
        te1_0.clock_out_time,
        te1_0.first_name,
        te1_0.is_active,
        te1_0.last_name,
        te1_0.total_hours 
    from
        time_entries te1_0
Hibernate: 
    select
        te1_0.id,
        te1_0.clock_in_time,
        te1_0.clock_out_time,
        te1_0.first_name,
        te1_0.is_active,
        te1_0.last_name,
        te1_0.total_hours 
    from
        time_entries te1_0
Hibernate: 
    select
        te1_0.id,
        te1_0.clock_in_time,
        te1_0.clock_out_time,
        te1_0.first_name,
        te1_0.is_active,
        te1_0.last_name,
        te1_0.total_hours 
    from
        time_entries te1_0
Hibernate: 
    select
        te1_0.id,
        te1_0.clock_in_time,
        te1_0.clock_out_time,
        te1_0.first_name,
        te1_0.is_active,
        te1_0.last_name,
        te1_0.total_hours 
    from
        time_entries te1_0 
    where
        te1_0.first_name=? 
        and te1_0.last_name=? 
    order by
        te1_0.clock_in_time desc
Hibernate: 
    select
        te1_0.id,
        te1_0.clock_in_time,
        te1_0.clock_out_time,
        te1_0.first_name,
        te1_0.is_active,
        te1_0.last_name,
        te1_0.total_hours 
    from
        time_entries te1_0 
    where
        te1_0.first_name=? 
        and te1_0.last_name=? 
    order by
        te1_0.clock_in_time desc
Hibernate: 
    select
        te1_0.id,
        te1_0.clock_in_time,
        te1_0.clock_out_time,
        te1_0.first_name,
        te1_0.is_active,
        te1_0.last_name,
        te1_0.total_hours 
    from
        time_entries te1_0 
    where
        te1_0.first_name=? 
        and te1_0.last_name=? 
        and te1_0.is_active
Hibernate: 
    select
        te1_0.id,
        te1_0.clock_in_time,
        te1_0.clock_out_time,
        te1_0.first_name,
        te1_0.is_active,
        te1_0.last_name,
        te1_0.total_hours 
    from
        time_entries te1_0 
    where
        te1_0.first_name=? 
        and te1_0.last_name=? 
        and te1_0.is_active
Hibernate: 
    insert 
    into
        time_entries
        (clock_in_time, clock_out_time, first_name, is_active, last_name, total_hours, id) 
    values
        (?, ?, ?, ?, ?, ?, default)
Hibernate: 
    select
        te1_0.id,
        te1_0.clock_in_time,
        te1_0.clock_out_time,
        te1_0.first_name,
        te1_0.is_active,
        te1_0.last_name,
        te1_0.total_hours 
    from
        time_entries te1_0 
    where
        te1_0.first_name=? 
        and te1_0.last_name=? 
    order by
        te1_0.clock_in_time desc
Hibernate: 
    select
        te1_0.id,
        te1_0.clock_in_time,
        te1_0.clock_out_time,
        te1_0.first_name,
        te1_0.is_active,
        te1_0.last_name,
        te1_0.total_hours 
    from
        time_entries te1_0 
    where
        te1_0.first_name=? 
        and te1_0.last_name=? 
        and te1_0.is_active
Hibernate: 
    update
        time_entries 
    set
        clock_in_time=?,
        clock_out_time=?,
        first_name=?,
        is_active=?,
        last_name=?,
        total_hours=? 
    where
        id=?
Hibernate: 
    select
        te1_0.id,
        te1_0.clock_in_time,
        te1_0.clock_out_time,
        te1_0.first_name,
        te1_0.is_active,
        te1_0.last_name,
        te1_0.total_hours 
    from
        time_entries te1_0 
    where
        te1_0.first_name=? 
        and te1_0.last_name=? 
    order by
        te1_0.clock_in_time desc
Hibernate: 
    select
        te1_0.id,
        te1_0.clock_in_time,
        te1_0.clock_out_time,
        te1_0.first_name,
        te1_0.is_active,
        te1_0.last_name,
        te1_0.total_hours 
    from
        time_entries te1_0
Hibernate: 
    select
        te1_0.id,
        te1_0.clock_in_time,
        te1_0.clock_out_time,
        te1_0.first_name,
        te1_0.is_active,
        te1_0.last_name,
        te1_0.total_hours 
    from
        time_entries te1_0
Hibernate: 
    select
        te1_0.id,
        te1_0.clock_in_time,
        te1_0.clock_out_time,
        te1_0.first_name,
        te1_0.is_active,
        te1_0.last_name,
        te1_0.total_hours 
    from
        time_entries te1_0
Hibernate: 
    select
        te1_0.id,
        te1_0.clock_in_time,
        te1_0.clock_out_time,
        te1_0.first_name,
        te1_0.is_active,
        te1_0.last_name,
        te1_0.total_hours 
    from
        time_entries te1_0
Hibernate: 
    select
        te1_0.id,
        te1_0.clock_in_time,
        te1_0.clock_out_time,
        te1_0.first_name,
        te1_0.is_active,
        te1_0.last_name,
        te1_0.total_hours 
    from
        time_entries te1_0 
    where
        te1_0.first_name=? 
        and te1_0.last_name=? 
    order by
        te1_0.clock_in_time desc
Hibernate: 
    select
        te1_0.id,
        te1_0.clock_in_time,
        te1_0.clock_out_time,
        te1_0.first_name,
        te1_0.is_active,
        te1_0.last_name,
        te1_0.total_hours 
    from
        time_entries te1_0 
    where
        te1_0.first_name=? 
        and te1_0.last_name=? 
    order by
        te1_0.clock_in_time desc
Hibernate: 
    select
        te1_0.id,
        te1_0.clock_in_time,
        te1_0.clock_out_time,
        te1_0.first_name,
        te1_0.is_active,
        te1_0.last_name,
        te1_0.total_hours 
    from
        time_entries te1_0 
    where
        te1_0.first_name=? 
        and te1_0.last_name=? 
    order by
        te1_0.clock_in_time desc
Hibernate: 
    select
        te1_0.id,
        te1_0.clock_in_time,
        te1_0.clock_out_time,
        te1_0.first_name,
        te1_0.is_active,
        te1_0.last_name,
        te1_0.total_hours 
    from
        time_entries te1_0 
    where
        te1_0.first_name=? 
        and te1_0.last_name=? 
    order by
        te1_0.clock_in_time desc
Hibernate: 
    select
        te1_0.id,
        te1_0.clock_in_time,
        te1_0.clock_out_time,
        te1_0.first_name,
        te1_0.is_active,
        te1_0.last_name,
        te1_0.total_hours 
    from
        time_entries te1_0 
    where
        te1_0.first_name=? 
        and te1_0.last_name=? 
    order by
        te1_0.clock_in_time desc
[2m2025-08-21T11:09:01.463-07:00[0;39m [32m INFO[0;39m [35m36934[0;39m [2m---[0;39m [2m[ionShutdownHook][0;39m [2m[0;39m[36mj.LocalContainerEntityManagerFactoryBean[0;39m [2m:[0;39m Closing JPA EntityManagerFactory for persistence unit 'default'
Hibernate: 
    drop table if exists time_entries cascade 
[2m2025-08-21T11:09:01.480-07:00[0;39m [32m INFO[0;39m [35m36934[0;39m [2m---[0;39m [2m[ionShutdownHook][0;39m [2m[0;39m[36mcom.zaxxer.hikari.HikariDataSource      [0;39m [2m:[0;39m HikariPool-1 - Shutdown initiated...
[2m2025-08-21T11:09:01.482-07:00[0;39m [32m INFO[0;39m [35m36934[0;39m [2m---[0;39m [2m[ionShutdownHook][0;39m [2m[0;39m[36mcom.zaxxer.hikari.HikariDataSource      [0;39m [2m:[0;39m HikariPool-1 - Shutdown completed.
